Using pre-set license
Built from '2020.3/staging' branch; Version is '2020.3.0f1 (c7b5465681fb) revision 13088070'; Using compiler version '192528614'; Build Type 'Release'
OS: 'Windows 10 Pro; OS build 19042.867; Version 2009; 64bit' Language: 'en' Physical Memory: 16316 MB
BatchMode: 1, IsHumanControllingUs: 0, StartBugReporterOnCrash: 0, Is64bit: 1, IsPro: 0

 COMMAND LINE ARGUMENTS:
C:\Program Files\Unity\Hub\Editor\2020.3.0f1\Editor\Unity.exe
-adb2
-batchMode
-noUpm
-name
AssetImportWorker0
-projectPath
C:/Users/Yamauchi/projects/ar_cards
-logFile
Logs/AssetImportWorker0.log
-srvPort
57565
Successfully changed project path to: C:/Users/Yamauchi/projects/ar_cards
C:/Users/Yamauchi/projects/ar_cards
Using Asset Import Pipeline V2.
Refreshing native plugins compatible for Editor in 46.08 ms, found 9 plugins.
Preloading 2 native plugins for Editor in 1.29 ms.
Initialize engine version: 2020.3.0f1 (c7b5465681fb)
[Subsystems] Discovering subsystems at path C:/Program Files/Unity/Hub/Editor/2020.3.0f1/Editor/Data/Resources/UnitySubsystems
[Subsystems] Discovering subsystems at path C:/Users/Yamauchi/projects/ar_cards/Assets
GfxDevice: creating device client; threaded=0
Direct3D:
    Version:  Direct3D 11.0 [level 11.1]
    Renderer: NVIDIA GeForce RTX 2070 SUPER (ID=0x1e84)
    Vendor:   
    VRAM:     8011 MB
    Driver:   27.21.14.6109
Shader 'PointClouds/PointSplat': fallback shader 'PointClouds/PointSplatLegacy' not found
Initialize mono
Mono path[0] = 'C:/Program Files/Unity/Hub/Editor/2020.3.0f1/Editor/Data/Managed'
Mono path[1] = 'C:/Program Files/Unity/Hub/Editor/2020.3.0f1/Editor/Data/MonoBleedingEdge/lib/mono/unityjit'
Mono config path = 'C:/Program Files/Unity/Hub/Editor/2020.3.0f1/Editor/Data/MonoBleedingEdge/etc'
Using monoOptions --debugger-agent=transport=dt_socket,embedding=1,server=y,suspend=n,address=127.0.0.1:56560
Begin MonoManager ReloadAssembly
Registering precompiled unity dll's ...
Register platform support module: C:/Program Files/Unity/Hub/Editor/2020.3.0f1/Editor/Data/PlaybackEngines/WindowsStandaloneSupport/UnityEditor.WindowsStandalone.Extensions.dll
Registered in 0.001271 seconds.
Native extension for WindowsStandalone target not found
Refreshing native plugins compatible for Editor in 34.96 ms, found 9 plugins.
Preloading 2 native plugins for Editor in 0.09 ms.
Invoked RoslynAnalysisRunner static constructor.
RoslynAnalysisRunner will not be running.
RoslynAnalysisRunner has terminated.
Mono: successfully reloaded assembly
- Completed reload, in  1.232 seconds
Platform modules already initialized, skipping
Registering precompiled user dll's ...
Registered in 0.005624 seconds.
Begin MonoManager ReloadAssembly
Native extension for WindowsStandalone target not found
Refreshing native plugins compatible for Editor in 45.31 ms, found 9 plugins.
Preloading 2 native plugins for Editor in 0.09 ms.
System.NullReferenceException: Object reference not set to an instance of an object
  at Vuforia.EditorClasses.ExtensionTypeProvider.GetVuforiaPackageAbsPath () [0x0004a] in <a490fa95b9a6409e9780d5f38d01007a>:0 
  at Vuforia.EditorClasses.ExtensionTypeProvider.IsPackageManager () [0x00000] in <a490fa95b9a6409e9780d5f38d01007a>:0 
  at Vuforia.EditorClasses.ExtensionTypeProvider.ResolvePluginType () [0x00009] in <a490fa95b9a6409e9780d5f38d01007a>:0 
  at Vuforia.EditorClasses.ExtensionTypeProvider.GetPluginType () [0x0000c] in <a490fa95b9a6409e9780d5f38d01007a>:0 
  at Vuforia.EditorClasses.VuforiaUtilities.IsVuforiaEnabledInPlayerSettings () [0x00000] in <a490fa95b9a6409e9780d5f38d01007a>:0 
  at VuforiaEnabledObserver..cctor () [0x00000] in <a490fa95b9a6409e9780d5f38d01007a>:0 
UnityEngine.StackTraceUtility:ExtractStackTrace ()
UnityEngine.DebugLogHandler:LogFormat (UnityEngine.LogType,UnityEngine.Object,string,object[])
UnityEngine.Logger:Log (UnityEngine.LogType,object)
UnityEngine.Debug:LogError (object)
UnityEditor.EditorAssemblies:ProcessInitializeOnLoadAttributes (System.Type[])

System.NullReferenceException: Object reference not set to an instance of an object
  at Vuforia.EditorClasses.ExtensionTypeProvider.GetVuforiaPackageAbsPath () [0x0004a] in <a490fa95b9a6409e9780d5f38d01007a>:0 
  at Vuforia.EditorClasses.ExtensionTypeProvider.IsPackageManager () [0x00000] in <a490fa95b9a6409e9780d5f38d01007a>:0 
  at Vuforia.EditorClasses.ExtensionTypeProvider.ResolvePluginType () [0x00009] in <a490fa95b9a6409e9780d5f38d01007a>:0 
  at Vuforia.EditorClasses.ExtensionTypeProvider.GetPluginType () [0x0000c] in <a490fa95b9a6409e9780d5f38d01007a>:0 
  at Vuforia.EditorClasses.VuforiaUtilities.IsVuforiaEnabledInPlayerSettings () [0x00000] in <a490fa95b9a6409e9780d5f38d01007a>:0 
  at Vuforia.EditorClasses.InitializeOnLoadVuforiaTaskRunner..cctor () [0x00015] in <a490fa95b9a6409e9780d5f38d01007a>:0 
UnityEngine.StackTraceUtility:ExtractStackTrace ()
UnityEngine.DebugLogHandler:LogFormat (UnityEngine.LogType,UnityEngine.Object,string,object[])
UnityEngine.Logger:Log (UnityEngine.LogType,object)
UnityEngine.Debug:LogError (object)
UnityEditor.EditorAssemblies:ProcessInitializeOnLoadAttributes (System.Type[])

Invoked RoslynAnalysisRunner static constructor.
RoslynAnalysisRunner will not be running.
RoslynAnalysisRunner has terminated.
Mono: successfully reloaded assembly
- Completed reload, in  0.789 seconds
Platform modules already initialized, skipping
========================================================================
Worker process is ready to serve import requests
Shader 'PointClouds/PointSplat': fallback shader 'PointClouds/PointSplatLegacy' not found
Launched and connected shader compiler UnityShaderCompiler.exe after 0.03 seconds
Refreshing native plugins compatible for Editor in 0.53 ms, found 9 plugins.
Preloading 2 native plugins for Editor in 0.09 ms.
Unloading 1882 Unused Serialized files (Serialized files now loaded: 0)
System memory in use before: 83.4 MB.
System memory in use after: 83.4 MB.

Unloading 42 unused Assets to reduce memory usage. Loaded Objects now: 2582.
Total: 1.579200 ms (FindLiveObjects: 0.176700 ms CreateObjectMapping: 0.086800 ms MarkObjects: 1.243200 ms  DeleteObjects: 0.071800 ms)

========================================================================
Received Import Request.
  path: Assets/Resources/tumblr_osez47USrd1tdyvedo1_1280.jpg
  artifactKey: Guid(9800a1f4740075d439f5e22c2926af3a) Importer(815301076,1909f56bfc062723c751e8b465ee728b)
Start importing Assets/Resources/tumblr_osez47USrd1tdyvedo1_1280.jpg using Guid(9800a1f4740075d439f5e22c2926af3a) Importer(815301076,1909f56bfc062723c751e8b465ee728b)  -> (artifact id: 'fd7ccec28fd49044a342beae8fd95a21') in 0.077918 seconds
  Import took 0.080282 seconds .

========================================================================
Received Import Request.
  Time since last request: 199.594962 seconds.
  path: Assets/Resources/clow_card.mat
  artifactKey: Guid(a48c065021940164a8ef5af66e9c6839) Importer(815301076,1909f56bfc062723c751e8b465ee728b)
Start importing Assets/Resources/clow_card.mat using Guid(a48c065021940164a8ef5af66e9c6839) Importer(815301076,1909f56bfc062723c751e8b465ee728b)  -> (artifact id: '214764501f8b9ec6026cb1c0113327b4') in 0.059137 seconds
  Import took 0.061994 seconds .

========================================================================
Received Import Request.
  Time since last request: 83.087081 seconds.
  path: Assets/Resources/clow_card.mat
  artifactKey: Guid(a48c065021940164a8ef5af66e9c6839) Importer(815301076,1909f56bfc062723c751e8b465ee728b)
Start importing Assets/Resources/clow_card.mat using Guid(a48c065021940164a8ef5af66e9c6839) Importer(815301076,1909f56bfc062723c751e8b465ee728b)  -> (artifact id: '64bc74e7f834c8791ded5979f474b1ac') in 0.029517 seconds
  Import took 0.031955 seconds .

========================================================================
Received Import Request.
  Time since last request: 0.000224 seconds.
  path: Assets/Resources/VuforiaConfiguration.asset
  artifactKey: Guid(136ae17981d4c1943a2e2500c57ba6f5) Importer(815301076,1909f56bfc062723c751e8b465ee728b)
Start importing Assets/Resources/VuforiaConfiguration.asset using Guid(136ae17981d4c1943a2e2500c57ba6f5) Importer(815301076,1909f56bfc062723c751e8b465ee728b)  -> (artifact id: 'a180fd3628eeb4535491f4a591b89f16') in 0.004421 seconds
  Import took 0.006694 seconds .

========================================================================
Received Prepare
Shader 'PointClouds/PointSplat': fallback shader 'PointClouds/PointSplatLegacy' not found
Refreshing native plugins compatible for Editor in 7.25 ms, found 9 plugins.
Preloading 2 native plugins for Editor in 0.11 ms.
Unloading 34 Unused Serialized files (Serialized files now loaded: 0)
System memory in use before: 49.0 MB.
System memory in use after: 49.1 MB.

Unloading 33 unused Assets to reduce memory usage. Loaded Objects now: 2625.
Total: 2.443600 ms (FindLiveObjects: 0.176400 ms CreateObjectMapping: 0.083900 ms MarkObjects: 2.124000 ms  DeleteObjects: 0.058300 ms)

========================================================================
Received Import Request.
  Time since last request: 1230.633198 seconds.
  path: Assets/Resources/pexels-photo-1029604.jpeg
  artifactKey: Guid(65f5327812d4fd64a8bcc6d7f4602bec) Importer(815301076,1909f56bfc062723c751e8b465ee728b)
Start importing Assets/Resources/pexels-photo-1029604.jpeg using Guid(65f5327812d4fd64a8bcc6d7f4602bec) Importer(815301076,1909f56bfc062723c751e8b465ee728b)  -> (artifact id: 'f6c0f27feef8b9fb15adcff56c31c0b6') in 0.042248 seconds
  Import took 0.045364 seconds .

========================================================================
Received Import Request.
  Time since last request: 0.000231 seconds.
  path: Assets/Resources/rocks.jpg
  artifactKey: Guid(26a20bc687f9eeb4bbe8999b169627b2) Importer(815301076,1909f56bfc062723c751e8b465ee728b)
Start importing Assets/Resources/rocks.jpg using Guid(26a20bc687f9eeb4bbe8999b169627b2) Importer(815301076,1909f56bfc062723c751e8b465ee728b)  -> (artifact id: '1a9489cec0e1fa6ce6fbaa0743c495fd') in 0.030374 seconds
  Import took 0.032711 seconds .

========================================================================
Received Import Request.
  Time since last request: 312.210359 seconds.
  path: Assets/Resources/clow_card.jpg
  artifactKey: Guid(9800a1f4740075d439f5e22c2926af3a) Importer(815301076,1909f56bfc062723c751e8b465ee728b)
Start importing Assets/Resources/clow_card.jpg using Guid(9800a1f4740075d439f5e22c2926af3a) Importer(815301076,1909f56bfc062723c751e8b465ee728b)  -> (artifact id: 'c51943628073d84bfd26e059844d9688') in 0.029297 seconds
  Import took 0.031743 seconds .

